<?xml version="1.0" encoding="UTF-8"?>
<!-- Generated by org.testng.reporters.JUnitXMLReporter -->
<testsuite ignored="0" hostname="Shashikiran-Lenovo" failures="0" tests="12" name="Test" time="146.069" errors="0" timestamp="2025-04-28T13:22:08 IST">
  <testcase classname="com.tp.vTigerTest.VendorTest" name="createVendorTest" time="21.473"/>
  <testcase classname="com.tp.vTigerTest.OrganizationTest" name="createOrganizationTest" time="3.581"/>
  <testcase classname="com.tp.vTigerTest.OrganizationTest" name="createOrganizationWithIndustryAndTypeTest" time="4.682"/>
  <testcase classname="com.tp.vTigerTest.OrganizationTest" name="createOrganizationWithPhoneNumberTest" time="4.594"/>
  <testcase classname="com.tp.vTigerTest.ProductTest" name="createProductTest" time="7.713"/>
  <testcase classname="com.tp.vTigerTest.ProductTest" name="createProductWithSupportDateTest" time="7.283"/>
  <testcase classname="com.tp.vTigerTest.ProductTest" name="createProductWithVendorTest" time="11.945"/>
  <testcase classname="com.tp.vTigerTest.ContactTest" name="createContactTest" time="6.915"/>
  <testcase classname="com.tp.vTigerTest.ContactTest" name="createContactWithOrganizationTest" time="10.451"/>
  <testcase classname="com.tp.vTigerTest.ContactTest" name="createContactWithSupportDateTest" time="4.58"/>
  <testcase classname="com.tp.vTigerTest.LeadTest" name="createLeadTest" time="4.404"/>
  <testcase classname="com.tp.vTigerTest.LeadTest" name="createLeadWithLeadSourceAndIndustryTest" time="4.329"/>
</testsuite> <!-- Test -->
